0 info it worked if it ends with ok
1 verbose cli [ '/usr/local/bin/node', '/usr/local/bin/npm', 'run', 'watch' ]
2 info using npm@4.1.2
3 info using node@v7.7.2
4 verbose run-script [ 'prewatch', 'watch', 'postwatch' ]
5 info lifecycle vue_notes@1.0.0~prewatch: vue_notes@1.0.0
6 silly lifecycle vue_notes@1.0.0~prewatch: no script for prewatch, continuing
7 info lifecycle vue_notes@1.0.0~watch: vue_notes@1.0.0
8 verbose lifecycle vue_notes@1.0.0~watch: unsafe-perm in lifecycle true
9 verbose lifecycle vue_notes@1.0.0~watch: PATH: /usr/local/lib/node_modules/npm/bin/node-gyp-bin:/home/justin/workspace/kiai/jnotes/node_modules/.bin:/home/justin/workspace/kiai/jnotes/node_modules/.bin:/home/justin/.config/yarn/link/node_modules/.bin:/home/justin/workspace/kiai/jnotes/node_modules/.bin:/home/justin/.config/yarn/link/node_modules/.bin:/usr/local/lib/node_modules/npm/bin/node-gyp-bin:/usr/local/bin/node_modules/npm/bin/node-gyp-bin:/usr/class/cs143/cool/bin:/home/justin/.cargo/bin:/home/justin/bin:/home/justin/.rbenv/shims:/home/justin/.rbenv/bin:/usr/local/share/npm/bin:/home/justin/miniconda2/bin:/usr/local/bin:/usr/bin:/bin:/usr/local/games:/usr/games:/usr/lib/jvm/java-9-oracle/bin:/usr/lib/jvm/java-9-oracle/db/bin:.:/usr/local/go/bin:/home/justin/.rvm/bin:/home/justin/.cabal/bin:/home/justin/bin:/home/justin/.local/bin/Qt: /usr/local/bin:/home/justin/.lein/self_installs/:/opt/android-sdk/tools:/opt/android-sdk/platform-tools:/opt/node/bin:/opt/gradle/bin
10 verbose lifecycle vue_notes@1.0.0~watch: CWD: /home/justin/workspace/kiai/jnotes
11 silly lifecycle vue_notes@1.0.0~watch: Args: [ '-c', 'rimraf dis && webpack --progress --colors --watch' ]
12 info lifecycle vue_notes@1.0.0~watch: Failed to exec watch script
13 verbose stack Error: vue_notes@1.0.0 watch: `rimraf dis && webpack --progress --colors --watch`
13 verbose stack spawn ENOENT
13 verbose stack     at ChildProcess.<anonymous> (/usr/local/lib/node_modules/npm/lib/utils/spawn.js:33:16)
13 verbose stack     at emitTwo (events.js:106:13)
13 verbose stack     at ChildProcess.emit (events.js:194:7)
13 verbose stack     at maybeClose (internal/child_process.js:899:16)
13 verbose stack     at Process.ChildProcess._handle.onexit (internal/child_process.js:226:5)
14 verbose pkgid vue_notes@1.0.0
15 verbose cwd /home/justin/workspace/kiai/jnotes
16 error Linux 4.9.0-kali3-amd64
17 error argv "/usr/local/bin/node" "/usr/local/bin/npm" "run" "watch"
18 error node v7.7.2
19 error npm  v4.1.2
20 error file sh
21 error code ELIFECYCLE
22 error errno ENOENT
23 error syscall spawn
24 error vue_notes@1.0.0 watch: `rimraf dis && webpack --progress --colors --watch`
24 error spawn ENOENT
25 error Failed at the vue_notes@1.0.0 watch script 'rimraf dis && webpack --progress --colors --watch'.
25 error Make sure you have the latest version of node.js and npm installed.
25 error If you do, this is most likely a problem with the vue_notes package,
25 error not with npm itself.
25 error Tell the author that this fails on your system:
25 error     rimraf dis && webpack --progress --colors --watch
25 error You can get information on how to open an issue for this project with:
25 error     npm bugs vue_notes
25 error Or if that isn't available, you can get their info via:
25 error     npm owner ls vue_notes
25 error There is likely additional logging output above.
26 verbose exit [ 1, true ]
